<?xml version="1.0" encoding="UTF-8"?>
<!-- Generated by org.testng.reporters.JUnitXMLReporter -->
<testsuite hostname="DESKTOP-LHMO7C5" failures="0" tests="3" name="Test" time="54.791" errors="0" timestamp="1 Mar 2024 09:42:32 GMT">
  <testcase classname="com.assign.testsuite.TestHomePageTitle" name="test1" time="4.974"/>
  <testcase classname="com.assign.testsuite.TestCourseList" name="test2" time="4.962"/>
  <testcase classname="com.assign.testsuite.TestLogin" name="test3" time="26.77"/>
</testsuite> <!-- Test -->
