<?xml version="1.0" encoding="UTF-8"?>
<!-- Generated by org.testng.reporters.JUnitXMLReporter -->
<testsuite hostname="DESKTOP-LHMO7C5" failures="0" tests="3" name="Test" time="61.507" errors="0" timestamp="21 May 2024 03:50:43 GMT">
  <testcase classname="com.assign.testsuite.TestHomePageTitle" name="test1" time="5.689"/>
  <testcase classname="com.assign.testsuite.TestCourseList" name="test2" time="6.633"/>
  <testcase classname="com.assign.testsuite.TestLogin" name="test3" time="29.162"/>
</testsuite> <!-- Test -->
