<?xml version="1.0" encoding="UTF-8"?>
<testsuite xmlns:xsi="http://www.w3.org/2001/XMLSchema-instance" xsi:noNamespaceSchemaLocation="https://maven.apache.org/surefire/maven-surefire-plugin/xsd/surefire-test-report-3.0.xsd" version="3.0" name="TestSuite" time="64.154" tests="3" errors="0" skipped="0" failures="0">
  <properties>
[...]
</properties>
  <testcase name="test1" classname="com.assign.testsuite.TestHomePageTitle" time="5.686">
    <system-out><![CDATA[[TestNGContentHandler] [WARN] It is strongly recommended to add "<!DOCTYPE suite SYSTEM "http://testng.org/testng-1.0.dtd" >" at the top of your file, otherwise TestNG may fail or not work as expected.
The title of the Home page isIT certifications training for professionals | TechCanvass
[INFO ] 2024-05-21 09:19:53.401 [main] TestHomePageTitle - the Home page title is printing
]]></system-out>
    <system-err><![CDATA[SLF4J: No SLF4J providers were found.
SLF4J: Defaulting to no-operation (NOP) logger implementation
SLF4J: See https://www.slf4j.org/codes.html#noProviders for further details.
]]></system-err>
  </testcase>
  <testcase name="test2" classname="com.assign.testsuite.TestCourseList" time="6.634">
    <system-out><![CDATA[[INFO ] 2024-05-21 09:20:05.687 [main] TestCourseList - the BA Courses list is displayed
The BA Courses List is:
ECBA Certification Training
CCBA Certification Training
CBAP Certification Training
CBAP Recertification Course
Agile Analysis Certification Course
CPOA Certification Course
IIBA Data Analytics Training
[INFO ] 2024-05-21 09:20:05.940 [main] TestCourseList - the BA Courses list is displayed in the console
]]></system-out>
  </testcase>
  <testcase name="test3" classname="com.assign.testsuite.TestLogin" time="29.161">
    <system-out><![CDATA[[INFO ] 2024-05-21 09:20:18.509 [main] TestLogin - click the login button
[INFO ] 2024-05-21 09:20:18.509 [main] TestLogin - switch to the new window
[INFO ] 2024-05-21 09:20:18.509 [main] TestLogin - enter the Invalid Username and Password
[INFO ] 2024-05-21 09:20:18.509 [main] TestLogin - click the login button to checking the login in credentials
[DEBUG] 2024-05-21 09:20:18.795 [main] PackageRelationshipCollection - Parsing relationship: /xl/_rels/workbook.xml.rels
[DEBUG] 2024-05-21 09:20:18.798 [main] PackageRelationshipCollection - Parsing relationship: /xl/worksheets/_rels/sheet1.xml.rels
[DEBUG] 2024-05-21 09:20:18.848 [main] PackageRelationshipCollection - Parsing relationship: /_rels/.rels
example@gmail.com
[DEBUG] 2024-05-21 09:20:19.966 [main] PackageRelationshipCollection - Parsing relationship: /xl/_rels/workbook.xml.rels
[DEBUG] 2024-05-21 09:20:19.966 [main] PackageRelationshipCollection - Parsing relationship: /xl/worksheets/_rels/sheet1.xml.rels
[DEBUG] 2024-05-21 09:20:19.966 [main] PackageRelationshipCollection - Parsing relationship: /_rels/.rels
example
2
It seems that your credentials are invalid or your access to LMS has expired. Please contact Techcanvass team on this email address : course-admin@techcanvass.com
[INFO ] 2024-05-21 09:20:40.798 [main] TestLogin - switch to alert window
[INFO ] 2024-05-21 09:20:40.798 [main] TestLogin - Capture the text present in alert window and printing in the console
]]></system-out>
  </testcase>
</testsuite>