<?xml version="1.0" encoding="UTF-8"?>
<testng-results total="3" passed="3" failed="0" skipped="0">
  <reporter-output>
  </reporter-output>
  <suite started-at="2024-05-21T03:49:41Z" name="Suite" finished-at="2024-05-21T03:50:42Z" duration-ms="61507">
    <groups>
    </groups>
    <test started-at="2024-05-21T03:49:41Z" name="Test" finished-at="2024-05-21T03:50:42Z" duration-ms="61507">
      <class name="com.assign.testsuite.TestLogin">
        <test-method is-config="true" signature="init()[pri:0, instance:com.assign.testsuite.TestLogin@4102b1b1]" started-at="2024-05-21T09:20:07Z" name="init" finished-at="2024-05-21T09:20:12Z" duration-ms="4440" status="PASS">
          <reporter-output>
          </reporter-output>
        </test-method> <!-- init -->
        <test-method signature="test3()[pri:0, instance:com.assign.testsuite.TestLogin@4102b1b1]" started-at="2024-05-21T09:20:12Z" name="test3" finished-at="2024-05-21T09:20:41Z" duration-ms="29162" status="PASS">
          <reporter-output>
          </reporter-output>
        </test-method> <!-- test3 -->
        <test-method is-config="true" signature="at3()[pri:0, instance:com.assign.testsuite.TestLogin@4102b1b1]" started-at="2024-05-21T09:20:41Z" name="at3" finished-at="2024-05-21T09:20:42Z" duration-ms="1553" status="PASS">
          <reporter-output>
          </reporter-output>
        </test-method> <!-- at3 -->
      </class> <!-- com.assign.testsuite.TestLogin -->
      <class name="com.assign.testsuite.TestHomePageTitle">
        <test-method is-config="true" signature="init()[pri:0, instance:com.assign.testsuite.TestHomePageTitle@3f3c966c]" started-at="2024-05-21T09:19:41Z" name="init" finished-at="2024-05-21T09:19:47Z" duration-ms="6438" status="PASS">
          <reporter-output>
          </reporter-output>
        </test-method> <!-- init -->
        <test-method signature="test1()[pri:0, instance:com.assign.testsuite.TestHomePageTitle@3f3c966c]" started-at="2024-05-21T09:19:47Z" name="test1" finished-at="2024-05-21T09:19:53Z" duration-ms="5689" status="PASS">
          <reporter-output>
          </reporter-output>
        </test-method> <!-- test1 -->
        <test-method is-config="true" signature="at1()[pri:0, instance:com.assign.testsuite.TestHomePageTitle@3f3c966c]" started-at="2024-05-21T09:19:53Z" name="at1" finished-at="2024-05-21T09:19:55Z" duration-ms="1761" status="PASS">
          <reporter-output>
          </reporter-output>
        </test-method> <!-- at1 -->
      </class> <!-- com.assign.testsuite.TestHomePageTitle -->
      <class name="com.assign.testsuite.TestCourseList">
        <test-method is-config="true" signature="init()[pri:0, instance:com.assign.testsuite.TestCourseList@11ee02f8]" started-at="2024-05-21T09:19:55Z" name="init" finished-at="2024-05-21T09:19:59Z" duration-ms="4097" status="PASS">
          <reporter-output>
          </reporter-output>
        </test-method> <!-- init -->
        <test-method signature="test2()[pri:0, instance:com.assign.testsuite.TestCourseList@11ee02f8]" started-at="2024-05-21T09:19:59Z" name="test2" finished-at="2024-05-21T09:20:06Z" duration-ms="6633" status="PASS">
          <reporter-output>
          </reporter-output>
        </test-method> <!-- test2 -->
        <test-method is-config="true" signature="at2()[pri:0, instance:com.assign.testsuite.TestCourseList@11ee02f8]" started-at="2024-05-21T09:20:06Z" name="at2" finished-at="2024-05-21T09:20:07Z" duration-ms="1714" status="PASS">
          <reporter-output>
          </reporter-output>
        </test-method> <!-- at2 -->
      </class> <!-- com.assign.testsuite.TestCourseList -->
    </test> <!-- Test -->
  </suite> <!-- Suite -->
</testng-results>
